<?xml version="1.0" encoding="UTF-8"?>
<!-- Generated by org.testng.reporters.JUnitReportReporter -->
<testsuite hostname="DESKTOP-JAD9RHE" failures="0" tests="1" name="com.xomic.TestScript.TC02_RegistrationPageTest" time="6.399" errors="0" timestamp="2024-02-03T23:59:45 IST" skipped="0">
  <testcase classname="com.xomic.TestScript.TC02_RegistrationPageTest" name="addcredentials" time="6.399"/>
  <system-out/>
</testsuite> <!-- com.xomic.TestScript.TC02_RegistrationPageTest -->
