<?xml version="1.0" encoding="UTF-8"?>
<!-- Generated by org.testng.reporters.JUnitReportReporter -->
<testsuite hostname="DESKTOP-JAD9RHE" failures="0" tests="1" name="com.mystore.TestScript.TC02_RegistrationPageTest" time="6.085" errors="0" timestamp="2024-02-07T23:27:59 IST" skipped="0">
  <testcase classname="com.mystore.TestScript.TC02_RegistrationPageTest" name="addcredentials" time="6.085"/>
  <system-out/>
</testsuite> <!-- com.mystore.TestScript.TC02_RegistrationPageTest -->
