<?xml version="1.0" encoding="UTF-8"?>
<!-- Generated by org.testng.reporters.JUnitReportReporter -->
<testsuite hostname="DESKTOP-JAD9RHE" failures="0" tests="1" name="com.mystore.TestScript.TC01_MyAccountPageTest" time="13.420" errors="0" timestamp="2024-02-07T23:27:59 IST" skipped="0">
  <testcase classname="com.mystore.TestScript.TC01_MyAccountPageTest" name="navigateRegestration" time="13.420"/>
  <system-out/>
</testsuite> <!-- com.mystore.TestScript.TC01_MyAccountPageTest -->
