<?xml version="1.0" encoding="UTF-8"?>
<!-- Generated by org.testng.reporters.JUnitReportReporter -->
<testsuite hostname="DESKTOP-JAD9RHE" failures="0" tests="1" name="com.xomic.TestScript.TC_MyAccountPageTest" time="7.424" errors="0" timestamp="2024-02-03T22:04:54 IST" skipped="0">
  <testcase classname="com.xomic.TestScript.TC_MyAccountPageTest" name="Regestration" time="7.424"/>
  <system-out/>
</testsuite> <!-- com.xomic.TestScript.TC_MyAccountPageTest -->
