<?xml version="1.0" encoding="UTF-8"?>
<!-- Generated by org.testng.reporters.JUnitReportReporter -->
<testsuite hostname="DESKTOP-JAD9RHE" failures="0" tests="1" name="com.xomic.TestScript.TC01_MyAccountPageTest" time="1.675" errors="0" timestamp="2024-02-03T23:49:53 IST" skipped="0">
  <testcase classname="com.xomic.TestScript.TC01_MyAccountPageTest" name="navigateRegestration" time="1.675"/>
  <system-out/>
</testsuite> <!-- com.xomic.TestScript.TC01_MyAccountPageTest -->
