<?xml version="1.0" encoding="UTF-8"?>
<!-- Generated by org.testng.reporters.JUnitReportReporter -->
<testsuite hostname="DESKTOP-JAD9RHE" failures="0" tests="1" name="com.mystore.TestScript.TC04_ShopingPageTest" time="12.239" errors="0" timestamp="2024-02-07T23:30:34 IST" skipped="0">
  <testcase classname="com.mystore.TestScript.TC04_ShopingPageTest" name="shopping" time="12.239"/>
  <system-out/>
</testsuite> <!-- com.mystore.TestScript.TC04_ShopingPageTest -->
